#
# There is insufficient memory for the Java Runtime Environment to continue.
# Native memory allocation (mmap) failed to map 266338304 bytes for G1 virtual space
# Possible reasons:
#   The system is out of physical RAM or swap space
#   The process is running with CompressedOops enabled, and the Java Heap may be blocking the growth of the native heap
# Possible solutions:
#   Reduce memory load on the system
#   Increase physical memory or swap space
#   Check if swap backing store is full
#   Decrease Java heap size (-Xmx/-Xms)
#   Decrease number of Java threads
#   Decrease Java thread stack sizes (-Xss)
#   Set larger code cache with -XX:ReservedCodeCacheSize=
#   JVM is running with Zero Based Compressed Oops mode in which the Java heap is
#     placed in the first 32GB address space. The Java Heap base address is the
#     maximum limit for the native heap growth. Please use -XX:HeapBaseMinAddress
#     to set the Java Heap base and to place the Java Heap above 32GB virtual address.
# This output file may be truncated or incomplete.
#
#  Out of Memory Error (os_windows.cpp:3771), pid=9256, tid=13816
#
# JRE version:  (17.0.7) (build )
# Java VM: OpenJDK 64-Bit Server VM (17.0.7+0-b2043.56-10550314, mixed mode, sharing, tiered, compressed oops, compressed class ptrs, g1 gc, windows-amd64)
# No core dump will be written. Minidumps are not enabled by default on client versions of Windows
#

---------------  S U M M A R Y ------------

Command Line: org.jetbrains.kotlin.cli.jvm.K2JVMCompiler @C:\Users\User\Desktop\WeatherApp-initial\app\build\20240419_14758643747766434097.compiler.options

Host: 11th Gen Intel(R) Core(TM) i5-11400F @ 2.60GHz, 12 cores, 15G,  Windows 11 , 64 bit Build 22621 (10.0.22621.3374)
Time: Fri Apr 19 17:53:36 2024 Central European Summer Time elapsed time: 0.024803 seconds (0d 0h 0m 0s)

---------------  T H R E A D  ---------------

Current thread (0x00000246590ccac0):  JavaThread "Unknown thread" [_thread_in_vm, id=13816, stack(0x0000008d62300000,0x0000008d62400000)]

Stack: [0x0000008d62300000,0x0000008d62400000]
Native frames: (J=compiled Java code, j=interpreted, Vv=VM code, C=native code)
V  [jvm.dll+0x683bfa]
V  [jvm.dll+0x8430a4]
V  [jvm.dll+0x8449be]
V  [jvm.dll+0x845023]
V  [jvm.dll+0x24ad2f]
V  [jvm.dll+0x680ac9]
V  [jvm.dll+0x67519a]
V  [jvm.dll+0x30b3cb]
V  [jvm.dll+0x312876]
V  [jvm.dll+0x36221e]
V  [jvm.dll+0x36244f]
V  [jvm.dll+0x2e14a8]
V  [jvm.dll+0x2e2414]
V  [jvm.dll+0x814391]
V  [jvm.dll+0x36ffe1]
V  [jvm.dll+0x7f396c]
V  [jvm.dll+0x3f305f]
V  [jvm.dll+0x3f4b91]
C  [jli.dll+0x528f]
C  [ucrtbase.dll+0x29333]
C  [KERNEL32.DLL+0x1257d]
C  [ntdll.dll+0x5aa48]


---------------  P R O C E S S  ---------------

Threads class SMR info:
_java_thread_list=0x00007ff89932d098, length=0, elements={
}

Java Threads: ( => current thread )

Other Threads:
  0x000002465913cfd0 GCTaskThread "GC Thread#0" [stack: 0x0000008d62400000,0x0000008d62500000] [id=19296]
  0x000002465914dc90 ConcurrentGCThread "G1 Main Marker" [stack: 0x0000008d62500000,0x0000008d62600000] [id=16748]
  0x000002465914e6a0 ConcurrentGCThread "G1 Conc#0" [stack: 0x0000008d62600000,0x0000008d62700000] [id=4176]

[error occurred during error reporting (printing all threads), id 0xc0000005, EXCEPTION_ACCESS_VIOLATION (0xc0000005) at pc=0x00007ff898ae2087]

VM state: not at safepoint (not fully initialized)

VM Mutex/Monitor currently owned by a thread:  ([mutex/lock_event])
[0x00000246590c84c0] Heap_lock - owner thread: 0x00000246590ccac0

Heap address: 0x0000000702800000, size: 4056 MB, Compressed Oops mode: Zero based, Oop shift amount: 3

CDS archive(s) mapped at: [0x0000000000000000-0x0000000000000000-0x0000000000000000), size 0, SharedBaseAddress: 0x0000000800000000, ArchiveRelocationMode: 0.
Narrow klass base: 0x0000000000000000, Narrow klass shift: 0, Narrow klass range: 0x0

GC Precious Log:
<Empty>

Heap:
 garbage-first heap   total 0K, used 0K [0x0000000702800000, 0x0000000800000000)
  region size 2048K, 0 young (0K), 0 survivors (0K)
 Metaspace       used 0K, committed 0K, reserved 0K
  class space    used 0K, committed 0K, reserved 0K

Heap Regions: E=young(eden), S=young(survivor), O=old, HS=humongous(starts), HC=humongous(continues), CS=collection set, F=free, OA=open archive, CA=closed archive, TAMS=top-at-mark-start (previous, next)

Card table byte_map: [0x000002466c2e0000,0x000002466cad0000] _byte_map_base: 0x0000024668acc000

Marking Bits (Prev, Next): (CMBitMap*) 0x000002465913d5e0, (CMBitMap*) 0x000002465913d620
 Prev Bits: [0x000002466d2c0000, 0x0000024671220000)
 Next Bits: [0x0000024671220000, 0x0000024675180000)

GC Heap History (0 events):
No events

Dll operation events (1 events):
Event: 0.004 Loaded shared library D:\Android Studio\jbr\bin\java.dll

Deoptimization events (0 events):
No events

Classes unloaded (0 events):
No events

Classes redefined (0 events):
No events

Internal exceptions (0 events):
No events

VM Operations (0 events):
No events

Events (0 events):
No events


Dynamic libraries:
0x00007ff610120000 - 0x00007ff61012a000 	D:\Android Studio\jbr\bin\java.exe
0x00007ff8f2d70000 - 0x00007ff8f2f86000 	C:\WINDOWS\SYSTEM32\ntdll.dll
0x00007ff8f1940000 - 0x00007ff8f1a04000 	C:\WINDOWS\System32\KERNEL32.DLL
0x00007ff8f0380000 - 0x00007ff8f0727000 	C:\WINDOWS\System32\KERNELBASE.dll
0x00007ff8f0260000 - 0x00007ff8f0371000 	C:\WINDOWS\System32\ucrtbase.dll
0x00007ff8d73e0000 - 0x00007ff8d73f7000 	D:\Android Studio\jbr\bin\jli.dll
0x00007ff8e0ca0000 - 0x00007ff8e0cbb000 	D:\Android Studio\jbr\bin\VCRUNTIME140.dll
0x00007ff8f16b0000 - 0x00007ff8f185e000 	C:\WINDOWS\System32\USER32.dll
0x00007ff8f07f0000 - 0x00007ff8f0816000 	C:\WINDOWS\System32\win32u.dll
0x00007ff8e53c0000 - 0x00007ff8e5653000 	C:\WINDOWS\WinSxS\amd64_microsoft.windows.common-controls_6595b64144ccf1df_6.0.22621.3235_none_270f74e173860f98\COMCTL32.dll
0x00007ff8f23e0000 - 0x00007ff8f2409000 	C:\WINDOWS\System32\GDI32.dll
0x00007ff8f1880000 - 0x00007ff8f1927000 	C:\WINDOWS\System32\msvcrt.dll
0x00007ff8f0110000 - 0x00007ff8f0229000 	C:\WINDOWS\System32\gdi32full.dll
0x00007ff8f0a00000 - 0x00007ff8f0a9a000 	C:\WINDOWS\System32\msvcp_win.dll
0x00007ff8f2bd0000 - 0x00007ff8f2c01000 	C:\WINDOWS\System32\IMM32.DLL
0x00007ff8e4820000 - 0x00007ff8e482c000 	D:\Android Studio\jbr\bin\vcruntime140_1.dll
0x00007ff8bf650000 - 0x00007ff8bf6dd000 	D:\Android Studio\jbr\bin\msvcp140.dll
0x00007ff8987f0000 - 0x00007ff899470000 	D:\Android Studio\jbr\bin\server\jvm.dll
0x00007ff8f1a10000 - 0x00007ff8f1ac2000 	C:\WINDOWS\System32\ADVAPI32.dll
0x00007ff8f2330000 - 0x00007ff8f23d8000 	C:\WINDOWS\System32\sechost.dll
0x00007ff8f0230000 - 0x00007ff8f0258000 	C:\WINDOWS\System32\bcrypt.dll
0x00007ff8f2c10000 - 0x00007ff8f2d25000 	C:\WINDOWS\System32\RPCRT4.dll
0x00007ff8e7eb0000 - 0x00007ff8e7ee4000 	C:\WINDOWS\SYSTEM32\WINMM.dll
0x00007ff8e9b90000 - 0x00007ff8e9b9a000 	C:\WINDOWS\SYSTEM32\VERSION.dll
0x00007ff8c8890000 - 0x00007ff8c8899000 	C:\WINDOWS\SYSTEM32\WSOCK32.dll
0x00007ff8f0c60000 - 0x00007ff8f0cd1000 	C:\WINDOWS\System32\WS2_32.dll
0x00007ff8ef090000 - 0x00007ff8ef0a8000 	C:\WINDOWS\SYSTEM32\kernel.appcore.dll
0x00007ff8ebe20000 - 0x00007ff8ebe2a000 	D:\Android Studio\jbr\bin\jimage.dll
0x00007ff8dd870000 - 0x00007ff8ddaa3000 	C:\WINDOWS\SYSTEM32\DBGHELP.DLL
0x00007ff8f1c60000 - 0x00007ff8f1fe8000 	C:\WINDOWS\System32\combase.dll
0x00007ff8f1ad0000 - 0x00007ff8f1ba7000 	C:\WINDOWS\System32\OLEAUT32.dll
0x00007ff8c5720000 - 0x00007ff8c5752000 	C:\WINDOWS\SYSTEM32\dbgcore.DLL
0x00007ff8f0090000 - 0x00007ff8f0109000 	C:\WINDOWS\System32\bcryptPrimitives.dll
0x00007ff8e2040000 - 0x00007ff8e2065000 	D:\Android Studio\jbr\bin\java.dll

dbghelp: loaded successfully - version: 4.0.5 - missing functions: none
symbol engine: initialized successfully - sym options: 0x614 - pdb path: .;D:\Android Studio\jbr\bin;C:\WINDOWS\SYSTEM32;C:\WINDOWS\WinSxS\amd64_microsoft.windows.common-controls_6595b64144ccf1df_6.0.22621.3235_none_270f74e173860f98;D:\Android Studio\jbr\bin\server

VM Arguments:
java_command: org.jetbrains.kotlin.cli.jvm.K2JVMCompiler @C:\Users\User\Desktop\WeatherApp-initial\app\build\20240419_14758643747766434097.compiler.options
java_class_path (initial): C:\Users\User\.gradle\caches\modules-2\files-2.1\org.jetbrains.kotlin\kotlin-compiler-embeddable\1.6.10\88f2073f4020cdb83132cfe940ceb9a60aba54ea\kotlin-compiler-embeddable-1.6.10.jar;C:\Users\User\.gradle\caches\modules-2\files-2.1\org.jetbrains.kotlin\kotlin-reflect\1.6.10\1cbe9c92c12a94eea200d23c2bbaedaf3daf5132\kotlin-reflect-1.6.10.jar;C:\Users\User\.gradle\caches\modules-2\files-2.1\org.jetbrains.kotlin\kotlin-stdlib\1.6.10\b8af3fe6f1ca88526914929add63cf5e7c5049af\kotlin-stdlib-1.6.10.jar;C:\Users\User\.gradle\caches\modules-2\files-2.1\org.jetbrains.kotlin\kotlin-script-runtime\1.6.10\d0a7ff2e2500ef497ed0214ae40ad3c8387a6164\kotlin-script-runtime-1.6.10.jar;C:\Users\User\.gradle\caches\modules-2\files-2.1\org.jetbrains.kotlin\kotlin-daemon-embeddable\1.6.10\a56d79bcbea411fa6058e4ecffc2de73e742bd2a\kotlin-daemon-embeddable-1.6.10.jar;C:\Users\User\.gradle\caches\modules-2\files-2.1\org.jetbrains.intellij.deps\trove4j\1.0.20181211\216c2e14b070f334479d800987affe4054cd563f\trove4j-1.0.20181211.jar;C:\Users\User\.gradle\caches\modules-2\files-2.1\net.java.dev.jna\jna\5.6.0\330f2244e9030119ab3030fc3fededc86713d9cc\jna-5.6.0.jar;C:\Users\User\.gradle\caches\modules-2\files-2.1\org.jetbrains\annotations\13.0\919f0dfe192fb4e063e7dacadee7f8bb9a2672a9\annotations-13.0.jar;C:\Users\User\.gradle\caches\modules-2\files-2.1\org.jetbrains.kotlin\kotlin-stdlib-common\1.6.10\c118700e3a33c8a0d9adc920e9dec0831171925\kotlin-stdlib-common-1.6.10.jar
Launcher Type: SUN_STANDARD

[Global flags]
     intx CICompilerCount                          = 4                                         {product} {ergonomic}
     uint ConcGCThreads                            = 3                                         {product} {ergonomic}
     uint G1ConcRefinementThreads                  = 10                                        {product} {ergonomic}
   size_t G1HeapRegionSize                         = 2097152                                   {product} {ergonomic}
    uintx GCDrainStackTargetSize                   = 64                                        {product} {ergonomic}
   size_t InitialHeapSize                          = 266338304                                 {product} {ergonomic}
   size_t MarkStackSize                            = 4194304                                   {product} {ergonomic}
   size_t MaxHeapSize                              = 4253024256                                {product} {ergonomic}
   size_t MinHeapDeltaBytes                        = 2097152                                   {product} {ergonomic}
   size_t MinHeapSize                              = 8388608                                   {product} {ergonomic}
    uintx NonNMethodCodeHeapSize                   = 5839372                                {pd product} {ergonomic}
    uintx NonProfiledCodeHeapSize                  = 122909434                              {pd product} {ergonomic}
    uintx ProfiledCodeHeapSize                     = 122909434                              {pd product} {ergonomic}
    uintx ReservedCodeCacheSize                    = 251658240                              {pd product} {ergonomic}
     bool SegmentedCodeCache                       = true                                      {product} {ergonomic}
   size_t SoftMaxHeapSize                          = 4253024256                             {manageable} {ergonomic}
     bool UseCompressedClassPointers               = true                           {product lp64_product} {ergonomic}
     bool UseCompressedOops                        = true                           {product lp64_product} {ergonomic}
     bool UseG1GC                                  = true                                      {product} {ergonomic}
     bool UseLargePagesIndividualAllocation        = false                                  {pd product} {ergonomic}

Logging:
Log output configuration:
 #0: stdout all=warning uptime,level,tags
 #1: stderr all=off uptime,level,tags

Environment Variables:
JAVA_HOME=C:\Users\User\.jdks\openjdk-20.0.1
PATH=C:\Program Files\Microsoft SDKs\Azure\CLI2\wbin;C:\ProgramData\Oracle\Java\javapath;C:\Windows\system32;C:\Windows;C:\Windows\System32\Wbem;C:\Windows\System32\WindowsPowerShell\v1.0\;C:\Windows\System32\OpenSSH\;C:\Program Files\NVIDIA Corporation\NVIDIA NvDLISR;C:\WINDOWS\system32;C:\WINDOWS;C:\WINDOWS\System32\Wbem;C:\WINDOWS\System32\WindowsPowerShell\v1.0\;C:\WINDOWS\System32\OpenSSH\;C:\Program Files\dotnet\;C:\Program Files (x86)\NVIDIA Corporation\PhysX\Common;C:\Program Files\Git\cmd;C:\Program Files\Docker\Docker\resources\bin;C:\Users\User\.jdks\openjdk-20.0.1\bin;C:\Program Files\Microsoft SQL Server\Client SDK\ODBC\170\Tools\Binn\;C:\Program Files\Microsoft SQL Server\150\Tools\Binn\;C:\Program Files\PuTTY\;C:\Users\User\AppData\Local\Microsoft\WindowsApps;D:\Microsoft VS Code\bin;C:\Users\User\AppData\Local\Packages\PythonSoftwareFoundation.Python.3.12_qbz5n2kfra8p0\LocalCache\local-packages\Python312\Scripts\django-admin.exe;C:\Users\User\AppData\Local\Packages\PythonSoftwareFoundation.Python.3.12_qbz5n2kfra8p0\LocalCache\local-packages\Python312\Scripts;C:\Users\User\.dotnet\tools
USERNAME=User
OS=Windows_NT
PROCESSOR_IDENTIFIER=Intel64 Family 6 Model 167 Stepping 1, GenuineIntel
TMP=C:\Users\User\AppData\Local\Temp
TEMP=C:\Users\User\AppData\Local\Temp


JNI global refs:
JNI global refs: 0, weak refs: 0

JNI global refs memory usage: 0, weak refs: 0

OOME stack traces (most recent first):
Classloader memory used:


---------------  S Y S T E M  ---------------

OS:
 Windows 11 , 64 bit Build 22621 (10.0.22621.3374)
OS uptime: 7 days 20:17 hours
Hyper-V role detected

CPU: total 12 (initial active 12) (6 cores per cpu, 2 threads per core) family 6 model 167 stepping 1 microcode 0x50, cx8, cmov, fxsr, ht, mmx, 3dnowpref, sse, sse2, sse3, ssse3, sse4.1, sse4.2, popcnt, lzcnt, tsc, tscinvbit, avx, avx2, aes, erms, clmul, bmi1, bmi2, adx, avx512f, avx512dq, avx512cd, avx512bw, avx512vl, sha, fma, vzeroupper, avx512_vpopcntdq, avx512_vpclmulqdq, avx512_vaes, avx512_vnni, clflush, clflushopt, avx512_vbmi2, avx512_vbmi, hv

Memory: 4k page, system-wide physical 16217M (676M free)
TotalPageFile size 18260M (AvailPageFile size 173M)
current process WorkingSet (physical memory assigned to process): 11M, peak: 11M
current process commit charge ("private bytes"): 64M, peak: 318M

vm_info: OpenJDK 64-Bit Server VM (17.0.7+0-b2043.56-10550314) for windows-amd64 JRE (17.0.7+0-b2043.56-10550314), built on Jul 24 2023 18:27:45 by "androidbuild" with MS VC++ 16.10 / 16.11 (VS2019)

END.
